<?xml version="1.0" encoding="UTF-8"?>
<coverage generated="1643821195573" clover="3.2.0">
  <project timestamp="1643821195573" name="All files">
    <metrics statements="209" coveredstatements="175" conditionals="49" coveredconditionals="30" methods="64" coveredmethods="56" elements="322" coveredelements="261" complexity="0" loc="209" ncloc="209" packages="2" files="2" classes="2"/>
    <package name="components">
      <metrics statements="200" coveredstatements="167" conditionals="47" coveredconditionals="30" methods="60" coveredmethods="53"/>
      <file name="SchedulerKanban.vue" path="D:\Rintio\Rintio Vuejs\simplecrm\src\components\SchedulerKanban.vue">
        <metrics statements="200" coveredstatements="167" conditionals="47" coveredconditionals="30" methods="60" coveredmethods="53"/>
        <line num="119" count="1" type="stmt"/>
        <line num="120" count="1" type="stmt"/>
        <line num="121" count="1" type="stmt"/>
        <line num="123" count="1" type="stmt"/>
        <line num="131" count="1" type="stmt"/>
        <line num="137" count="2" type="stmt"/>
        <line num="143" count="20" type="stmt"/>
        <line num="149" count="1" type="stmt"/>
        <line num="155" count="4" type="stmt"/>
        <line num="161" count="1" type="stmt"/>
        <line num="167" count="3" type="stmt"/>
        <line num="172" count="9" type="stmt"/>
        <line num="233" count="0" type="stmt"/>
        <line num="234" count="0" type="stmt"/>
        <line num="238" count="0" type="cond" truecount="0" falsecount="1"/>
        <line num="239" count="0" type="stmt"/>
        <line num="247" count="0" type="stmt"/>
        <line num="248" count="0" type="stmt"/>
        <line num="255" count="0" type="stmt"/>
        <line num="256" count="0" type="cond" truecount="0" falsecount="3"/>
        <line num="257" count="0" type="stmt"/>
        <line num="260" count="0" type="stmt"/>
        <line num="261" count="0" type="cond" truecount="0" falsecount="1"/>
        <line num="262" count="0" type="stmt"/>
        <line num="263" count="0" type="stmt"/>
        <line num="359" count="0" type="stmt"/>
        <line num="364" count="3" type="stmt"/>
        <line num="365" count="3" type="stmt"/>
        <line num="373" count="3" type="stmt"/>
        <line num="374" count="3" type="stmt"/>
        <line num="376" count="3" type="stmt"/>
        <line num="377" count="12" type="stmt"/>
        <line num="382" count="9" type="stmt"/>
        <line num="383" count="1" type="stmt"/>
        <line num="384" count="1" type="cond" truecount="1" falsecount="0"/>
        <line num="385" count="1" type="stmt"/>
        <line num="389" count="3" type="stmt"/>
        <line num="390" count="3" type="stmt"/>
        <line num="394" count="73" type="cond" truecount="1" falsecount="0"/>
        <line num="395" count="33" type="stmt"/>
        <line num="397" count="40" type="cond" truecount="1" falsecount="0"/>
        <line num="398" count="39" type="stmt"/>
        <line num="400" count="1" type="stmt"/>
        <line num="403" count="4" type="stmt"/>
        <line num="411" count="3" type="stmt"/>
        <line num="412" count="3" type="stmt"/>
        <line num="413" count="26" type="stmt"/>
        <line num="418" count="2" type="stmt"/>
        <line num="419" count="2" type="cond" truecount="1" falsecount="1"/>
        <line num="420" count="0" type="stmt"/>
        <line num="423" count="2" type="stmt"/>
        <line num="424" count="2" type="stmt"/>
        <line num="428" count="2" type="stmt"/>
        <line num="429" count="2" type="stmt"/>
        <line num="433" count="2" type="stmt"/>
        <line num="434" count="2" type="stmt"/>
        <line num="435" count="2" type="stmt"/>
        <line num="436" count="2" type="stmt"/>
        <line num="437" count="2" type="stmt"/>
        <line num="438" count="2" type="stmt"/>
        <line num="446" count="1" type="stmt"/>
        <line num="447" count="1" type="stmt"/>
        <line num="449" count="1" type="stmt"/>
        <line num="450" count="6" type="stmt"/>
        <line num="455" count="1" type="stmt"/>
        <line num="456" count="1" type="stmt"/>
        <line num="457" count="1" type="cond" truecount="1" falsecount="1"/>
        <line num="458" count="1" type="stmt"/>
        <line num="459" count="1" type="stmt"/>
        <line num="460" count="1" type="stmt"/>
        <line num="461" count="1" type="stmt"/>
        <line num="462" count="1" type="stmt"/>
        <line num="463" count="1" type="stmt"/>
        <line num="466" count="1" type="stmt"/>
        <line num="467" count="1" type="stmt"/>
        <line num="471" count="13" type="stmt"/>
        <line num="472" count="13" type="cond" truecount="1" falsecount="1"/>
        <line num="473" count="13" type="stmt"/>
        <line num="474" count="13" type="stmt"/>
        <line num="482" count="11" type="stmt"/>
        <line num="483" count="11" type="stmt"/>
        <line num="484" count="11" type="stmt"/>
        <line num="485" count="11" type="stmt"/>
        <line num="486" count="11" type="stmt"/>
        <line num="487" count="279" type="cond" truecount="2" falsecount="0"/>
        <line num="489" count="279" type="stmt"/>
        <line num="492" count="11" type="stmt"/>
        <line num="493" count="11" type="stmt"/>
        <line num="494" count="11" type="stmt"/>
        <line num="495" count="20" type="stmt"/>
        <line num="500" count="11" type="stmt"/>
        <line num="501" count="14" type="stmt"/>
        <line num="502" count="146" type="stmt"/>
        <line num="525" count="0" type="stmt"/>
        <line num="526" count="0" type="stmt"/>
        <line num="527" count="0" type="stmt"/>
        <line num="528" count="0" type="stmt"/>
        <line num="529" count="0" type="stmt"/>
        <line num="530" count="0" type="stmt"/>
        <line num="531" count="0" type="stmt"/>
        <line num="532" count="0" type="stmt"/>
        <line num="533" count="0" type="stmt"/>
        <line num="534" count="0" type="stmt"/>
        <line num="535" count="0" type="stmt"/>
        <line num="536" count="0" type="stmt"/>
        <line num="537" count="0" type="stmt"/>
        <line num="538" count="0" type="stmt"/>
        <line num="539" count="0" type="stmt"/>
        <line num="542" count="0" type="stmt"/>
        <line num="557" count="141" type="stmt"/>
        <line num="560" count="6" type="stmt"/>
        <line num="561" count="6" type="stmt"/>
        <line num="562" count="6" type="cond" truecount="0" falsecount="1"/>
        <line num="563" count="0" type="stmt"/>
        <line num="567" count="6" type="stmt"/>
        <line num="568" count="6" type="stmt"/>
        <line num="572" count="10" type="stmt"/>
        <line num="575" count="10" type="stmt"/>
        <line num="576" count="10" type="stmt"/>
        <line num="579" count="2" type="stmt"/>
        <line num="580" count="2" type="stmt"/>
        <line num="581" count="2" type="stmt"/>
        <line num="582" count="2" type="stmt"/>
        <line num="583" count="2" type="cond" truecount="0" falsecount="1"/>
        <line num="584" count="6" type="cond" truecount="1" falsecount="1"/>
        <line num="585" count="2" type="stmt"/>
        <line num="586" count="2" type="stmt"/>
        <line num="588" count="2" type="stmt"/>
        <line num="589" count="2" type="stmt"/>
        <line num="590" count="2" type="stmt"/>
        <line num="591" count="2" type="stmt"/>
        <line num="593" count="2" type="stmt"/>
        <line num="594" count="2" type="stmt"/>
        <line num="595" count="2" type="stmt"/>
        <line num="597" count="2" type="stmt"/>
        <line num="608" count="2" type="stmt"/>
        <line num="616" count="2" type="stmt"/>
        <line num="618" count="1" type="stmt"/>
        <line num="619" count="1" type="stmt"/>
        <line num="622" count="1" type="stmt"/>
        <line num="626" count="11" type="stmt"/>
        <line num="627" count="6" type="stmt"/>
        <line num="630" count="0" type="stmt"/>
        <line num="635" count="11" type="stmt"/>
        <line num="638" count="2" type="stmt"/>
        <line num="641" count="3" type="cond" truecount="2" falsecount="0"/>
        <line num="642" count="3" type="cond" truecount="2" falsecount="0"/>
        <line num="643" count="2" type="stmt"/>
        <line num="646" count="1" type="stmt"/>
        <line num="650" count="1" type="stmt"/>
        <line num="651" count="1" type="stmt"/>
        <line num="652" count="1" type="stmt"/>
        <line num="653" count="1" type="stmt"/>
        <line num="656" count="147" type="stmt"/>
        <line num="657" count="143" type="stmt"/>
        <line num="658" count="143" type="stmt"/>
        <line num="659" count="143" type="stmt"/>
        <line num="661" count="1" type="stmt"/>
        <line num="663" count="143" type="stmt"/>
        <line num="666" count="9" type="stmt"/>
        <line num="668" count="9" type="cond" truecount="1" falsecount="0"/>
        <line num="669" count="7" type="cond" truecount="1" falsecount="1"/>
        <line num="673" count="22" type="stmt"/>
        <line num="679" count="9" type="stmt"/>
        <line num="681" count="9" type="cond" truecount="1" falsecount="0"/>
        <line num="682" count="5" type="cond" truecount="2" falsecount="0"/>
        <line num="687" count="9" type="stmt"/>
        <line num="689" count="9" type="cond" truecount="1" falsecount="0"/>
        <line num="690" count="5" type="cond" truecount="1" falsecount="1"/>
        <line num="695" count="9" type="stmt"/>
        <line num="697" count="9" type="stmt"/>
        <line num="700" count="32" type="cond" truecount="2" falsecount="0"/>
        <line num="701" count="17" type="stmt"/>
        <line num="703" count="15" type="stmt"/>
        <line num="713" count="9" type="stmt"/>
        <line num="714" count="9" type="stmt"/>
        <line num="715" count="9" type="stmt"/>
        <line num="716" count="9" type="stmt"/>
        <line num="717" count="9" type="stmt"/>
        <line num="718" count="57" type="stmt"/>
        <line num="719" count="9" type="stmt"/>
        <line num="720" count="9" type="stmt"/>
        <line num="721" count="9" type="stmt"/>
        <line num="725" count="2" type="stmt"/>
        <line num="733" count="2" type="stmt"/>
        <line num="734" count="2" type="stmt"/>
        <line num="742" count="2" type="stmt"/>
        <line num="744" count="1" type="stmt"/>
        <line num="745" count="1" type="stmt"/>
        <line num="746" count="1" type="stmt"/>
        <line num="747" count="1" type="stmt"/>
        <line num="750" count="1" type="stmt"/>
        <line num="755" count="1" type="stmt"/>
        <line num="756" count="1" type="stmt"/>
        <line num="757" count="1" type="stmt"/>
        <line num="758" count="1" type="stmt"/>
        <line num="759" count="1" type="stmt"/>
        <line num="760" count="1" type="stmt"/>
        <line num="761" count="1" type="stmt"/>
        <line num="762" count="1" type="stmt"/>
      </file>
    </package>
    <package name="services">
      <metrics statements="9" coveredstatements="8" conditionals="2" coveredconditionals="0" methods="4" coveredmethods="3"/>
      <file name="appservice.js" path="D:\Rintio\Rintio Vuejs\simplecrm\src\services\appservice.js">
        <metrics statements="9" coveredstatements="8" conditionals="2" coveredconditionals="0" methods="4" coveredmethods="3"/>
        <line num="9" count="30" type="stmt"/>
        <line num="20" count="30" type="stmt"/>
        <line num="21" count="30" type="stmt"/>
        <line num="23" count="30" type="stmt"/>
        <line num="25" count="30" type="stmt"/>
        <line num="26" count="30" type="stmt"/>
        <line num="27" count="30" type="stmt"/>
        <line num="30" count="0" type="stmt"/>
        <line num="37" count="30" type="stmt"/>
      </file>
    </package>
  </project>
</coverage>
