{"D:\\Rintio\\Rintio Vuejs\\simplecrm\\src\\components\\SchedulerKanban.vue": {"path":"D:\\Rintio\\Rintio Vuejs\\simplecrm\\src\\components\\SchedulerKanban.vue","statementMap":{"0":{"start":{"line":119,"column":0},"end":{"line":119,"column":null}},"1":{"start":{"line":120,"column":0},"end":{"line":120,"column":null}},"2":{"start":{"line":121,"column":0},"end":{"line":121,"column":null}},"3":{"start":{"line":123,"column":0},"end":{"line":123,"column":null}},"4":{"start":{"line":131,"column":0},"end":{"line":131,"column":null}},"5":{"start":{"line":137,"column":0},"end":{"line":137,"column":null}},"6":{"start":{"line":143,"column":0},"end":{"line":143,"column":null}},"7":{"start":{"line":149,"column":0},"end":{"line":149,"column":null}},"8":{"start":{"line":155,"column":0},"end":{"line":155,"column":null}},"9":{"start":{"line":161,"column":0},"end":{"line":161,"column":null}},"10":{"start":{"line":167,"column":0},"end":{"line":167,"column":null}},"11":{"start":{"line":172,"column":0},"end":{"line":172,"column":null}},"12":{"start":{"line":233,"column":0},"end":{"line":233,"column":null}},"13":{"start":{"line":234,"column":0},"end":{"line":234,"column":null}},"14":{"start":{"line":238,"column":0},"end":{"line":251,"column":null}},"15":{"start":{"line":239,"column":0},"end":{"line":239,"column":null}},"16":{"start":{"line":247,"column":0},"end":{"line":247,"column":null}},"17":{"start":{"line":248,"column":0},"end":{"line":248,"column":null}},"18":{"start":{"line":255,"column":0},"end":{"line":255,"column":null}},"19":{"start":{"line":256,"column":0},"end":{"line":264,"column":null}},"20":{"start":{"line":257,"column":0},"end":{"line":257,"column":null}},"21":{"start":{"line":260,"column":0},"end":{"line":260,"column":null}},"22":{"start":{"line":261,"column":0},"end":{"line":261,"column":null}},"23":{"start":{"line":262,"column":0},"end":{"line":262,"column":null}},"24":{"start":{"line":263,"column":0},"end":{"line":263,"column":null}},"25":{"start":{"line":359,"column":0},"end":{"line":359,"column":null}},"26":{"start":{"line":364,"column":0},"end":{"line":364,"column":null}},"27":{"start":{"line":365,"column":0},"end":{"line":391,"column":null}},"28":{"start":{"line":373,"column":0},"end":{"line":373,"column":null}},"29":{"start":{"line":374,"column":0},"end":{"line":374,"column":null}},"30":{"start":{"line":376,"column":0},"end":{"line":381,"column":null}},"31":{"start":{"line":377,"column":0},"end":{"line":377,"column":null}},"32":{"start":{"line":382,"column":0},"end":{"line":382,"column":null}},"33":{"start":{"line":383,"column":0},"end":{"line":383,"column":null}},"34":{"start":{"line":384,"column":0},"end":{"line":386,"column":null}},"35":{"start":{"line":385,"column":0},"end":{"line":385,"column":null}},"36":{"start":{"line":389,"column":0},"end":{"line":389,"column":null}},"37":{"start":{"line":390,"column":0},"end":{"line":390,"column":null}},"38":{"start":{"line":394,"column":0},"end":{"line":396,"column":null}},"39":{"start":{"line":395,"column":0},"end":{"line":395,"column":null}},"40":{"start":{"line":397,"column":0},"end":{"line":399,"column":null}},"41":{"start":{"line":398,"column":0},"end":{"line":398,"column":null}},"42":{"start":{"line":400,"column":0},"end":{"line":400,"column":null}},"43":{"start":{"line":403,"column":0},"end":{"line":430,"column":null}},"44":{"start":{"line":411,"column":0},"end":{"line":411,"column":null}},"45":{"start":{"line":412,"column":0},"end":{"line":417,"column":null}},"46":{"start":{"line":413,"column":0},"end":{"line":413,"column":null}},"47":{"start":{"line":418,"column":0},"end":{"line":418,"column":null}},"48":{"start":{"line":419,"column":0},"end":{"line":425,"column":null}},"49":{"start":{"line":420,"column":0},"end":{"line":420,"column":null}},"50":{"start":{"line":423,"column":0},"end":{"line":423,"column":null}},"51":{"start":{"line":424,"column":0},"end":{"line":424,"column":null}},"52":{"start":{"line":428,"column":0},"end":{"line":428,"column":null}},"53":{"start":{"line":429,"column":0},"end":{"line":429,"column":null}},"54":{"start":{"line":433,"column":0},"end":{"line":433,"column":null}},"55":{"start":{"line":434,"column":0},"end":{"line":434,"column":null}},"56":{"start":{"line":435,"column":0},"end":{"line":435,"column":null}},"57":{"start":{"line":436,"column":0},"end":{"line":436,"column":null}},"58":{"start":{"line":437,"column":0},"end":{"line":437,"column":null}},"59":{"start":{"line":438,"column":0},"end":{"line":468,"column":null}},"60":{"start":{"line":446,"column":0},"end":{"line":446,"column":null}},"61":{"start":{"line":447,"column":0},"end":{"line":447,"column":null}},"62":{"start":{"line":449,"column":0},"end":{"line":454,"column":null}},"63":{"start":{"line":450,"column":0},"end":{"line":450,"column":null}},"64":{"start":{"line":455,"column":0},"end":{"line":455,"column":null}},"65":{"start":{"line":456,"column":0},"end":{"line":456,"column":null}},"66":{"start":{"line":457,"column":0},"end":{"line":457,"column":null}},"67":{"start":{"line":458,"column":0},"end":{"line":458,"column":null}},"68":{"start":{"line":459,"column":0},"end":{"line":459,"column":null}},"69":{"start":{"line":460,"column":0},"end":{"line":460,"column":null}},"70":{"start":{"line":461,"column":0},"end":{"line":461,"column":null}},"71":{"start":{"line":462,"column":0},"end":{"line":462,"column":null}},"72":{"start":{"line":463,"column":0},"end":{"line":463,"column":null}},"73":{"start":{"line":466,"column":0},"end":{"line":466,"column":null}},"74":{"start":{"line":467,"column":0},"end":{"line":467,"column":null}},"75":{"start":{"line":471,"column":0},"end":{"line":471,"column":null}},"76":{"start":{"line":472,"column":0},"end":{"line":472,"column":null}},"77":{"start":{"line":473,"column":0},"end":{"line":473,"column":null}},"78":{"start":{"line":474,"column":0},"end":{"line":569,"column":null}},"79":{"start":{"line":482,"column":0},"end":{"line":482,"column":null}},"80":{"start":{"line":483,"column":0},"end":{"line":483,"column":null}},"81":{"start":{"line":484,"column":0},"end":{"line":484,"column":null}},"82":{"start":{"line":485,"column":0},"end":{"line":491,"column":null}},"83":{"start":{"line":486,"column":0},"end":{"line":490,"column":null}},"84":{"start":{"line":487,"column":0},"end":{"line":487,"column":null}},"85":{"start":{"line":489,"column":0},"end":{"line":489,"column":null}},"86":{"start":{"line":492,"column":0},"end":{"line":492,"column":null}},"87":{"start":{"line":493,"column":0},"end":{"line":493,"column":null}},"88":{"start":{"line":494,"column":0},"end":{"line":499,"column":null}},"89":{"start":{"line":495,"column":0},"end":{"line":495,"column":null}},"90":{"start":{"line":500,"column":0},"end":{"line":559,"column":null}},"91":{"start":{"line":501,"column":0},"end":{"line":558,"column":null}},"92":{"start":{"line":502,"column":0},"end":{"line":502,"column":null}},"93":{"start":{"line":525,"column":0},"end":{"line":525,"column":null}},"94":{"start":{"line":526,"column":0},"end":{"line":526,"column":null}},"95":{"start":{"line":527,"column":0},"end":{"line":527,"column":null}},"96":{"start":{"line":528,"column":0},"end":{"line":528,"column":null}},"97":{"start":{"line":529,"column":0},"end":{"line":529,"column":null}},"98":{"start":{"line":530,"column":0},"end":{"line":530,"column":null}},"99":{"start":{"line":531,"column":0},"end":{"line":531,"column":null}},"100":{"start":{"line":532,"column":0},"end":{"line":532,"column":null}},"101":{"start":{"line":533,"column":0},"end":{"line":533,"column":null}},"102":{"start":{"line":534,"column":0},"end":{"line":534,"column":null}},"103":{"start":{"line":535,"column":0},"end":{"line":535,"column":null}},"104":{"start":{"line":536,"column":0},"end":{"line":536,"column":null}},"105":{"start":{"line":537,"column":0},"end":{"line":537,"column":null}},"106":{"start":{"line":538,"column":0},"end":{"line":538,"column":null}},"107":{"start":{"line":539,"column":0},"end":{"line":539,"column":null}},"108":{"start":{"line":542,"column":0},"end":{"line":542,"column":null}},"109":{"start":{"line":557,"column":0},"end":{"line":557,"column":null}},"110":{"start":{"line":560,"column":0},"end":{"line":560,"column":null}},"111":{"start":{"line":561,"column":0},"end":{"line":561,"column":null}},"112":{"start":{"line":562,"column":0},"end":{"line":564,"column":null}},"113":{"start":{"line":563,"column":0},"end":{"line":563,"column":null}},"114":{"start":{"line":567,"column":0},"end":{"line":567,"column":null}},"115":{"start":{"line":568,"column":0},"end":{"line":568,"column":null}},"116":{"start":{"line":572,"column":0},"end":{"line":572,"column":null}},"117":{"start":{"line":575,"column":0},"end":{"line":575,"column":null}},"118":{"start":{"line":576,"column":0},"end":{"line":576,"column":null}},"119":{"start":{"line":579,"column":0},"end":{"line":579,"column":null}},"120":{"start":{"line":580,"column":0},"end":{"line":580,"column":null}},"121":{"start":{"line":581,"column":0},"end":{"line":581,"column":null}},"122":{"start":{"line":582,"column":0},"end":{"line":582,"column":null}},"123":{"start":{"line":583,"column":0},"end":{"line":583,"column":null}},"124":{"start":{"line":584,"column":0},"end":{"line":584,"column":null}},"125":{"start":{"line":585,"column":0},"end":{"line":585,"column":null}},"126":{"start":{"line":586,"column":0},"end":{"line":586,"column":null}},"127":{"start":{"line":588,"column":0},"end":{"line":588,"column":null}},"128":{"start":{"line":589,"column":0},"end":{"line":589,"column":null}},"129":{"start":{"line":590,"column":0},"end":{"line":590,"column":null}},"130":{"start":{"line":591,"column":0},"end":{"line":591,"column":null}},"131":{"start":{"line":593,"column":0},"end":{"line":593,"column":null}},"132":{"start":{"line":594,"column":0},"end":{"line":594,"column":null}},"133":{"start":{"line":595,"column":0},"end":{"line":595,"column":null}},"134":{"start":{"line":597,"column":0},"end":{"line":597,"column":null}},"135":{"start":{"line":608,"column":0},"end":{"line":608,"column":null}},"136":{"start":{"line":616,"column":0},"end":{"line":623,"column":null}},"137":{"start":{"line":618,"column":0},"end":{"line":618,"column":null}},"138":{"start":{"line":619,"column":0},"end":{"line":619,"column":null}},"139":{"start":{"line":622,"column":0},"end":{"line":622,"column":null}},"140":{"start":{"line":626,"column":0},"end":{"line":634,"column":null}},"141":{"start":{"line":627,"column":0},"end":{"line":628,"column":null}},"142":{"start":{"line":630,"column":0},"end":{"line":630,"column":null}},"143":{"start":{"line":635,"column":0},"end":{"line":635,"column":null}},"144":{"start":{"line":638,"column":0},"end":{"line":638,"column":null}},"145":{"start":{"line":641,"column":0},"end":{"line":641,"column":null}},"146":{"start":{"line":642,"column":0},"end":{"line":647,"column":null}},"147":{"start":{"line":643,"column":0},"end":{"line":643,"column":null}},"148":{"start":{"line":646,"column":0},"end":{"line":646,"column":null}},"149":{"start":{"line":650,"column":0},"end":{"line":650,"column":null}},"150":{"start":{"line":651,"column":0},"end":{"line":651,"column":null}},"151":{"start":{"line":652,"column":0},"end":{"line":652,"column":null}},"152":{"start":{"line":653,"column":0},"end":{"line":653,"column":null}},"153":{"start":{"line":656,"column":0},"end":{"line":656,"column":null}},"154":{"start":{"line":657,"column":0},"end":{"line":662,"column":null}},"155":{"start":{"line":658,"column":0},"end":{"line":658,"column":null}},"156":{"start":{"line":659,"column":0},"end":{"line":659,"column":null}},"157":{"start":{"line":661,"column":0},"end":{"line":661,"column":null}},"158":{"start":{"line":663,"column":0},"end":{"line":663,"column":null}},"159":{"start":{"line":666,"column":0},"end":{"line":666,"column":null}},"160":{"start":{"line":668,"column":0},"end":{"line":678,"column":null}},"161":{"start":{"line":669,"column":0},"end":{"line":674,"column":null}},"162":{"start":{"line":673,"column":0},"end":{"line":673,"column":null}},"163":{"start":{"line":679,"column":0},"end":{"line":679,"column":null}},"164":{"start":{"line":681,"column":0},"end":{"line":686,"column":null}},"165":{"start":{"line":682,"column":0},"end":{"line":682,"column":null}},"166":{"start":{"line":687,"column":0},"end":{"line":687,"column":null}},"167":{"start":{"line":689,"column":0},"end":{"line":694,"column":null}},"168":{"start":{"line":690,"column":0},"end":{"line":690,"column":null}},"169":{"start":{"line":695,"column":0},"end":{"line":695,"column":null}},"170":{"start":{"line":697,"column":0},"end":{"line":697,"column":null}},"171":{"start":{"line":700,"column":0},"end":{"line":710,"column":null}},"172":{"start":{"line":701,"column":0},"end":{"line":701,"column":null}},"173":{"start":{"line":703,"column":0},"end":{"line":703,"column":null}},"174":{"start":{"line":713,"column":0},"end":{"line":713,"column":null}},"175":{"start":{"line":714,"column":0},"end":{"line":714,"column":null}},"176":{"start":{"line":715,"column":0},"end":{"line":715,"column":null}},"177":{"start":{"line":716,"column":0},"end":{"line":716,"column":null}},"178":{"start":{"line":717,"column":0},"end":{"line":722,"column":null}},"179":{"start":{"line":718,"column":0},"end":{"line":718,"column":null}},"180":{"start":{"line":719,"column":0},"end":{"line":719,"column":null}},"181":{"start":{"line":720,"column":0},"end":{"line":720,"column":null}},"182":{"start":{"line":721,"column":0},"end":{"line":721,"column":null}},"183":{"start":{"line":725,"column":0},"end":{"line":725,"column":null}},"184":{"start":{"line":733,"column":0},"end":{"line":733,"column":null}},"185":{"start":{"line":734,"column":0},"end":{"line":734,"column":null}},"186":{"start":{"line":742,"column":0},"end":{"line":751,"column":null}},"187":{"start":{"line":744,"column":0},"end":{"line":744,"column":null}},"188":{"start":{"line":745,"column":0},"end":{"line":745,"column":null}},"189":{"start":{"line":746,"column":0},"end":{"line":746,"column":null}},"190":{"start":{"line":747,"column":0},"end":{"line":747,"column":null}},"191":{"start":{"line":750,"column":0},"end":{"line":750,"column":null}},"192":{"start":{"line":755,"column":0},"end":{"line":764,"column":null}},"193":{"start":{"line":756,"column":0},"end":{"line":763,"column":null}},"194":{"start":{"line":757,"column":0},"end":{"line":757,"column":null}},"195":{"start":{"line":758,"column":0},"end":{"line":758,"column":null}},"196":{"start":{"line":759,"column":0},"end":{"line":759,"column":null}},"197":{"start":{"line":760,"column":0},"end":{"line":760,"column":null}},"198":{"start":{"line":761,"column":0},"end":{"line":761,"column":null}},"199":{"start":{"line":762,"column":0},"end":{"line":762,"column":null}}},"fnMap":{"0":{"name":"(anonymous_1)","decl":{"start":{"line":130,"column":0},"end":{"line":130,"column":null}},"loc":{"start":{"line":130,"column":0},"end":{"line":132,"column":null}}},"1":{"name":"(anonymous_2)","decl":{"start":{"line":136,"column":0},"end":{"line":136,"column":null}},"loc":{"start":{"line":136,"column":0},"end":{"line":138,"column":null}}},"2":{"name":"(anonymous_3)","decl":{"start":{"line":142,"column":0},"end":{"line":142,"column":null}},"loc":{"start":{"line":142,"column":0},"end":{"line":144,"column":null}}},"3":{"name":"(anonymous_4)","decl":{"start":{"line":148,"column":0},"end":{"line":148,"column":null}},"loc":{"start":{"line":148,"column":0},"end":{"line":150,"column":null}}},"4":{"name":"(anonymous_5)","decl":{"start":{"line":154,"column":0},"end":{"line":154,"column":null}},"loc":{"start":{"line":154,"column":0},"end":{"line":156,"column":null}}},"5":{"name":"(anonymous_6)","decl":{"start":{"line":160,"column":0},"end":{"line":160,"column":null}},"loc":{"start":{"line":160,"column":0},"end":{"line":162,"column":null}}},"6":{"name":"(anonymous_7)","decl":{"start":{"line":166,"column":0},"end":{"line":166,"column":null}},"loc":{"start":{"line":166,"column":0},"end":{"line":168,"column":null}}},"7":{"name":"(anonymous_8)","decl":{"start":{"line":171,"column":0},"end":{"line":171,"column":null}},"loc":{"start":{"line":171,"column":0},"end":{"line":351,"column":null}}},"8":{"name":"(anonymous_9)","decl":{"start":{"line":232,"column":0},"end":{"line":232,"column":null}},"loc":{"start":{"line":232,"column":0},"end":{"line":236,"column":null}}},"9":{"name":"(anonymous_10)","decl":{"start":{"line":237,"column":0},"end":{"line":237,"column":null}},"loc":{"start":{"line":237,"column":0},"end":{"line":252,"column":null}}},"10":{"name":"(anonymous_11)","decl":{"start":{"line":246,"column":0},"end":{"line":246,"column":null}},"loc":{"start":{"line":246,"column":0},"end":{"line":249,"column":null}}},"11":{"name":"(anonymous_12)","decl":{"start":{"line":254,"column":0},"end":{"line":254,"column":null}},"loc":{"start":{"line":254,"column":0},"end":{"line":265,"column":null}}},"12":{"name":"(anonymous_13)","decl":{"start":{"line":358,"column":0},"end":{"line":358,"column":null}},"loc":{"start":{"line":358,"column":0},"end":{"line":360,"column":null}}},"13":{"name":"(anonymous_14)","decl":{"start":{"line":363,"column":0},"end":{"line":363,"column":null}},"loc":{"start":{"line":363,"column":0},"end":{"line":392,"column":null}}},"14":{"name":"(anonymous_15)","decl":{"start":{"line":365,"column":0},"end":{"line":365,"column":null}},"loc":{"start":{"line":365,"column":0},"end":{"line":387,"column":null}}},"15":{"name":"(anonymous_16)","decl":{"start":{"line":376,"column":0},"end":{"line":376,"column":null}},"loc":{"start":{"line":376,"column":0},"end":{"line":381,"column":null}}},"16":{"name":"(anonymous_17)","decl":{"start":{"line":382,"column":0},"end":{"line":382,"column":null}},"loc":{"start":{"line":382,"column":0},"end":{"line":382,"column":null}}},"17":{"name":"(anonymous_18)","decl":{"start":{"line":387,"column":0},"end":{"line":387,"column":null}},"loc":{"start":{"line":387,"column":0},"end":{"line":391,"column":null}}},"18":{"name":"(anonymous_19)","decl":{"start":{"line":393,"column":0},"end":{"line":393,"column":null}},"loc":{"start":{"line":393,"column":0},"end":{"line":401,"column":null}}},"19":{"name":"(anonymous_20)","decl":{"start":{"line":402,"column":0},"end":{"line":402,"column":null}},"loc":{"start":{"line":402,"column":0},"end":{"line":431,"column":null}}},"20":{"name":"(anonymous_21)","decl":{"start":{"line":403,"column":0},"end":{"line":403,"column":null}},"loc":{"start":{"line":403,"column":0},"end":{"line":426,"column":null}}},"21":{"name":"(anonymous_22)","decl":{"start":{"line":412,"column":0},"end":{"line":412,"column":null}},"loc":{"start":{"line":412,"column":0},"end":{"line":417,"column":null}}},"22":{"name":"(anonymous_23)","decl":{"start":{"line":426,"column":0},"end":{"line":426,"column":null}},"loc":{"start":{"line":426,"column":0},"end":{"line":430,"column":null}}},"23":{"name":"(anonymous_24)","decl":{"start":{"line":432,"column":0},"end":{"line":432,"column":null}},"loc":{"start":{"line":432,"column":0},"end":{"line":469,"column":null}}},"24":{"name":"(anonymous_25)","decl":{"start":{"line":438,"column":0},"end":{"line":438,"column":null}},"loc":{"start":{"line":438,"column":0},"end":{"line":464,"column":null}}},"25":{"name":"(anonymous_26)","decl":{"start":{"line":449,"column":0},"end":{"line":449,"column":null}},"loc":{"start":{"line":449,"column":0},"end":{"line":454,"column":null}}},"26":{"name":"(anonymous_27)","decl":{"start":{"line":464,"column":0},"end":{"line":464,"column":null}},"loc":{"start":{"line":464,"column":0},"end":{"line":468,"column":null}}},"27":{"name":"(anonymous_28)","decl":{"start":{"line":470,"column":0},"end":{"line":470,"column":null}},"loc":{"start":{"line":470,"column":0},"end":{"line":570,"column":null}}},"28":{"name":"(anonymous_29)","decl":{"start":{"line":474,"column":0},"end":{"line":474,"column":null}},"loc":{"start":{"line":474,"column":0},"end":{"line":565,"column":null}}},"29":{"name":"(anonymous_30)","decl":{"start":{"line":485,"column":0},"end":{"line":485,"column":null}},"loc":{"start":{"line":485,"column":0},"end":{"line":491,"column":null}}},"30":{"name":"(anonymous_31)","decl":{"start":{"line":486,"column":0},"end":{"line":486,"column":null}},"loc":{"start":{"line":486,"column":0},"end":{"line":490,"column":null}}},"31":{"name":"(anonymous_32)","decl":{"start":{"line":500,"column":0},"end":{"line":500,"column":null}},"loc":{"start":{"line":500,"column":0},"end":{"line":559,"column":null}}},"32":{"name":"(anonymous_33)","decl":{"start":{"line":501,"column":0},"end":{"line":501,"column":null}},"loc":{"start":{"line":501,"column":0},"end":{"line":558,"column":null}}},"33":{"name":"(anonymous_34)","decl":{"start":{"line":524,"column":0},"end":{"line":524,"column":null}},"loc":{"start":{"line":524,"column":0},"end":{"line":548,"column":null}}},"34":{"name":"(anonymous_35)","decl":{"start":{"line":565,"column":0},"end":{"line":565,"column":null}},"loc":{"start":{"line":565,"column":0},"end":{"line":569,"column":null}}},"35":{"name":"(anonymous_36)","decl":{"start":{"line":571,"column":0},"end":{"line":571,"column":null}},"loc":{"start":{"line":571,"column":0},"end":{"line":573,"column":null}}},"36":{"name":"(anonymous_37)","decl":{"start":{"line":574,"column":0},"end":{"line":574,"column":null}},"loc":{"start":{"line":574,"column":0},"end":{"line":577,"column":null}}},"37":{"name":"(anonymous_38)","decl":{"start":{"line":578,"column":0},"end":{"line":578,"column":null}},"loc":{"start":{"line":578,"column":0},"end":{"line":624,"column":null}}},"38":{"name":"(anonymous_39)","decl":{"start":{"line":584,"column":0},"end":{"line":584,"column":null}},"loc":{"start":{"line":584,"column":0},"end":{"line":584,"column":null}}},"39":{"name":"(anonymous_40)","decl":{"start":{"line":616,"column":0},"end":{"line":616,"column":null}},"loc":{"start":{"line":616,"column":0},"end":{"line":620,"column":null}}},"40":{"name":"(anonymous_41)","decl":{"start":{"line":620,"column":0},"end":{"line":620,"column":null}},"loc":{"start":{"line":620,"column":0},"end":{"line":623,"column":null}}},"41":{"name":"(anonymous_42)","decl":{"start":{"line":625,"column":0},"end":{"line":625,"column":null}},"loc":{"start":{"line":625,"column":0},"end":{"line":636,"column":null}}},"42":{"name":"(anonymous_43)","decl":{"start":{"line":626,"column":0},"end":{"line":626,"column":null}},"loc":{"start":{"line":626,"column":0},"end":{"line":634,"column":null}}},"43":{"name":"(anonymous_44)","decl":{"start":{"line":629,"column":0},"end":{"line":629,"column":null}},"loc":{"start":{"line":629,"column":0},"end":{"line":631,"column":null}}},"44":{"name":"(anonymous_45)","decl":{"start":{"line":637,"column":0},"end":{"line":637,"column":null}},"loc":{"start":{"line":637,"column":0},"end":{"line":639,"column":null}}},"45":{"name":"(anonymous_46)","decl":{"start":{"line":640,"column":0},"end":{"line":640,"column":null}},"loc":{"start":{"line":640,"column":0},"end":{"line":648,"column":null}}},"46":{"name":"(anonymous_47)","decl":{"start":{"line":649,"column":0},"end":{"line":649,"column":null}},"loc":{"start":{"line":649,"column":0},"end":{"line":654,"column":null}}},"47":{"name":"(anonymous_48)","decl":{"start":{"line":655,"column":0},"end":{"line":655,"column":null}},"loc":{"start":{"line":655,"column":0},"end":{"line":664,"column":null}}},"48":{"name":"(anonymous_49)","decl":{"start":{"line":665,"column":0},"end":{"line":665,"column":null}},"loc":{"start":{"line":665,"column":0},"end":{"line":698,"column":null}}},"49":{"name":"(anonymous_50)","decl":{"start":{"line":669,"column":0},"end":{"line":669,"column":null}},"loc":{"start":{"line":669,"column":0},"end":{"line":674,"column":null}}},"50":{"name":"(anonymous_51)","decl":{"start":{"line":699,"column":0},"end":{"line":699,"column":null}},"loc":{"start":{"line":699,"column":0},"end":{"line":711,"column":null}}},"51":{"name":"(anonymous_52)","decl":{"start":{"line":712,"column":0},"end":{"line":712,"column":null}},"loc":{"start":{"line":712,"column":0},"end":{"line":723,"column":null}}},"52":{"name":"(anonymous_53)","decl":{"start":{"line":717,"column":0},"end":{"line":717,"column":null}},"loc":{"start":{"line":717,"column":0},"end":{"line":722,"column":null}}},"53":{"name":"(anonymous_54)","decl":{"start":{"line":718,"column":0},"end":{"line":718,"column":null}},"loc":{"start":{"line":718,"column":0},"end":{"line":718,"column":null}}},"54":{"name":"(anonymous_55)","decl":{"start":{"line":724,"column":0},"end":{"line":724,"column":null}},"loc":{"start":{"line":724,"column":0},"end":{"line":752,"column":null}}},"55":{"name":"(anonymous_56)","decl":{"start":{"line":742,"column":0},"end":{"line":742,"column":null}},"loc":{"start":{"line":742,"column":0},"end":{"line":748,"column":null}}},"56":{"name":"(anonymous_57)","decl":{"start":{"line":748,"column":0},"end":{"line":748,"column":null}},"loc":{"start":{"line":748,"column":0},"end":{"line":751,"column":null}}},"57":{"name":"(anonymous_58)","decl":{"start":{"line":754,"column":0},"end":{"line":754,"column":null}},"loc":{"start":{"line":754,"column":0},"end":{"line":765,"column":null}}},"58":{"name":"(anonymous_59)","decl":{"start":{"line":755,"column":0},"end":{"line":755,"column":null}},"loc":{"start":{"line":755,"column":0},"end":{"line":764,"column":null}}},"59":{"name":"(anonymous_60)","decl":{"start":{"line":756,"column":0},"end":{"line":756,"column":null}},"loc":{"start":{"line":756,"column":0},"end":{"line":763,"column":null}}}},"branchMap":{"0":{"loc":{"start":{"line":238,"column":0},"end":{"line":251,"column":null}},"type":"if","locations":[{"start":{"line":238,"column":0},"end":{"line":251,"column":null}}]},"1":{"loc":{"start":{"line":256,"column":0},"end":{"line":264,"column":null}},"type":"if","locations":[{"start":{"line":256,"column":0},"end":{"line":264,"column":null}}]},"2":{"loc":{"start":{"line":256,"column":0},"end":{"line":256,"column":null}},"type":"binary-expr","locations":[{"start":{"line":256,"column":0},"end":{"line":256,"column":null}},{"start":{"line":256,"column":0},"end":{"line":256,"column":null}}]},"3":{"loc":{"start":{"line":261,"column":0},"end":{"line":261,"column":null}},"type":"if","locations":[{"start":{"line":261,"column":0},"end":{"line":261,"column":null}}]},"4":{"loc":{"start":{"line":363,"column":0},"end":{"line":363,"column":null}},"type":"default-arg","locations":[{"start":{"line":363,"column":0},"end":{"line":363,"column":null}}]},"5":{"loc":{"start":{"line":384,"column":0},"end":{"line":386,"column":null}},"type":"if","locations":[{"start":{"line":384,"column":0},"end":{"line":386,"column":null}}]},"6":{"loc":{"start":{"line":394,"column":0},"end":{"line":396,"column":null}},"type":"if","locations":[{"start":{"line":394,"column":0},"end":{"line":396,"column":null}}]},"7":{"loc":{"start":{"line":397,"column":0},"end":{"line":399,"column":null}},"type":"if","locations":[{"start":{"line":397,"column":0},"end":{"line":399,"column":null}}]},"8":{"loc":{"start":{"line":402,"column":0},"end":{"line":402,"column":null}},"type":"default-arg","locations":[{"start":{"line":402,"column":0},"end":{"line":402,"column":null}}]},"9":{"loc":{"start":{"line":419,"column":0},"end":{"line":425,"column":null}},"type":"if","locations":[{"start":{"line":419,"column":0},"end":{"line":425,"column":null}},{"start":{"line":421,"column":0},"end":{"line":425,"column":null}}]},"10":{"loc":{"start":{"line":432,"column":0},"end":{"line":432,"column":null}},"type":"default-arg","locations":[{"start":{"line":432,"column":0},"end":{"line":432,"column":null}}]},"11":{"loc":{"start":{"line":457,"column":0},"end":{"line":457,"column":null}},"type":"cond-expr","locations":[{"start":{"line":457,"column":0},"end":{"line":457,"column":null}},{"start":{"line":457,"column":0},"end":{"line":457,"column":null}}]},"12":{"loc":{"start":{"line":470,"column":0},"end":{"line":470,"column":null}},"type":"default-arg","locations":[{"start":{"line":470,"column":0},"end":{"line":470,"column":null}}]},"13":{"loc":{"start":{"line":472,"column":0},"end":{"line":472,"column":null}},"type":"cond-expr","locations":[{"start":{"line":472,"column":0},"end":{"line":472,"column":null}},{"start":{"line":472,"column":0},"end":{"line":472,"column":null}}]},"14":{"loc":{"start":{"line":487,"column":0},"end":{"line":487,"column":null}},"type":"binary-expr","locations":[{"start":{"line":487,"column":0},"end":{"line":487,"column":null}},{"start":{"line":487,"column":0},"end":{"line":487,"column":null}}]},"15":{"loc":{"start":{"line":562,"column":0},"end":{"line":564,"column":null}},"type":"if","locations":[{"start":{"line":562,"column":0},"end":{"line":564,"column":null}}]},"16":{"loc":{"start":{"line":583,"column":0},"end":{"line":583,"column":null}},"type":"if","locations":[{"start":{"line":583,"column":0},"end":{"line":583,"column":null}}]},"17":{"loc":{"start":{"line":584,"column":0},"end":{"line":584,"column":null}},"type":"cond-expr","locations":[{"start":{"line":584,"column":0},"end":{"line":584,"column":null}},{"start":{"line":584,"column":0},"end":{"line":584,"column":null}}]},"18":{"loc":{"start":{"line":604,"column":0},"end":{"line":604,"column":null}},"type":"cond-expr","locations":[{"start":{"line":604,"column":0},"end":{"line":604,"column":null}},{"start":{"line":604,"column":0},"end":{"line":604,"column":null}}]},"19":{"loc":{"start":{"line":605,"column":0},"end":{"line":605,"column":null}},"type":"cond-expr","locations":[{"start":{"line":605,"column":0},"end":{"line":605,"column":null}},{"start":{"line":605,"column":0},"end":{"line":605,"column":null}}]},"20":{"loc":{"start":{"line":606,"column":0},"end":{"line":606,"column":null}},"type":"cond-expr","locations":[{"start":{"line":606,"column":0},"end":{"line":606,"column":null}},{"start":{"line":606,"column":0},"end":{"line":606,"column":null}}]},"21":{"loc":{"start":{"line":641,"column":0},"end":{"line":641,"column":null}},"type":"cond-expr","locations":[{"start":{"line":641,"column":0},"end":{"line":641,"column":null}},{"start":{"line":641,"column":0},"end":{"line":641,"column":null}}]},"22":{"loc":{"start":{"line":642,"column":0},"end":{"line":647,"column":null}},"type":"if","locations":[{"start":{"line":642,"column":0},"end":{"line":647,"column":null}},{"start":{"line":644,"column":0},"end":{"line":647,"column":null}}]},"23":{"loc":{"start":{"line":668,"column":0},"end":{"line":678,"column":null}},"type":"if","locations":[{"start":{"line":668,"column":0},"end":{"line":678,"column":null}}]},"24":{"loc":{"start":{"line":669,"column":0},"end":{"line":669,"column":null}},"type":"cond-expr","locations":[{"start":{"line":669,"column":0},"end":{"line":669,"column":null}},{"start":{"line":669,"column":0},"end":{"line":669,"column":null}}]},"25":{"loc":{"start":{"line":681,"column":0},"end":{"line":686,"column":null}},"type":"if","locations":[{"start":{"line":681,"column":0},"end":{"line":686,"column":null}}]},"26":{"loc":{"start":{"line":682,"column":0},"end":{"line":682,"column":null}},"type":"cond-expr","locations":[{"start":{"line":682,"column":0},"end":{"line":682,"column":null}},{"start":{"line":682,"column":0},"end":{"line":682,"column":null}}]},"27":{"loc":{"start":{"line":689,"column":0},"end":{"line":694,"column":null}},"type":"if","locations":[{"start":{"line":689,"column":0},"end":{"line":694,"column":null}}]},"28":{"loc":{"start":{"line":690,"column":0},"end":{"line":690,"column":null}},"type":"cond-expr","locations":[{"start":{"line":690,"column":0},"end":{"line":690,"column":null}},{"start":{"line":690,"column":0},"end":{"line":690,"column":null}}]},"29":{"loc":{"start":{"line":700,"column":0},"end":{"line":710,"column":null}},"type":"if","locations":[{"start":{"line":700,"column":0},"end":{"line":710,"column":null}},{"start":{"line":702,"column":0},"end":{"line":710,"column":null}}]},"30":{"loc":{"start":{"line":731,"column":0},"end":{"line":731,"column":null}},"type":"cond-expr","locations":[{"start":{"line":731,"column":0},"end":{"line":731,"column":null}},{"start":{"line":731,"column":0},"end":{"line":731,"column":null}}]}},"s":{"0":1,"1":1,"2":1,"3":1,"4":1,"5":2,"6":20,"7":1,"8":4,"9":1,"10":3,"11":9,"12":0,"13":0,"14":0,"15":0,"16":0,"17":0,"18":0,"19":0,"20":0,"21":0,"22":0,"23":0,"24":0,"25":0,"26":3,"27":3,"28":3,"29":3,"30":3,"31":12,"32":9,"33":1,"34":1,"35":1,"36":3,"37":3,"38":73,"39":33,"40":40,"41":39,"42":1,"43":4,"44":3,"45":3,"46":26,"47":2,"48":2,"49":0,"50":2,"51":2,"52":2,"53":2,"54":2,"55":2,"56":2,"57":2,"58":2,"59":2,"60":1,"61":1,"62":1,"63":6,"64":1,"65":1,"66":1,"67":1,"68":1,"69":1,"70":1,"71":1,"72":1,"73":1,"74":1,"75":13,"76":13,"77":13,"78":13,"79":11,"80":11,"81":11,"82":11,"83":11,"84":279,"85":279,"86":11,"87":11,"88":11,"89":20,"90":11,"91":14,"92":146,"93":0,"94":0,"95":0,"96":0,"97":0,"98":0,"99":0,"100":0,"101":0,"102":0,"103":0,"104":0,"105":0,"106":0,"107":0,"108":0,"109":141,"110":6,"111":6,"112":6,"113":0,"114":6,"115":6,"116":10,"117":10,"118":10,"119":2,"120":2,"121":2,"122":2,"123":2,"124":6,"125":2,"126":2,"127":2,"128":2,"129":2,"130":2,"131":2,"132":2,"133":2,"134":2,"135":2,"136":2,"137":1,"138":1,"139":1,"140":11,"141":6,"142":0,"143":11,"144":2,"145":3,"146":3,"147":2,"148":1,"149":1,"150":1,"151":1,"152":1,"153":147,"154":143,"155":143,"156":143,"157":1,"158":143,"159":9,"160":9,"161":7,"162":22,"163":9,"164":9,"165":5,"166":9,"167":9,"168":5,"169":9,"170":9,"171":32,"172":17,"173":15,"174":9,"175":9,"176":9,"177":9,"178":9,"179":57,"180":9,"181":9,"182":9,"183":2,"184":2,"185":2,"186":2,"187":1,"188":1,"189":1,"190":1,"191":1,"192":1,"193":1,"194":1,"195":1,"196":1,"197":1,"198":1,"199":1},"f":{"0":1,"1":2,"2":20,"3":1,"4":4,"5":1,"6":3,"7":9,"8":0,"9":0,"10":0,"11":0,"12":0,"13":3,"14":3,"15":12,"16":7,"17":3,"18":73,"19":4,"20":3,"21":26,"22":2,"23":2,"24":1,"25":6,"26":1,"27":13,"28":11,"29":11,"30":279,"31":14,"32":146,"33":0,"34":6,"35":10,"36":10,"37":2,"38":4,"39":1,"40":1,"41":11,"42":6,"43":0,"44":2,"45":3,"46":1,"47":147,"48":9,"49":22,"50":32,"51":9,"52":9,"53":48,"54":2,"55":1,"56":1,"57":1,"58":1,"59":1},"b":{"0":[0],"1":[0],"2":[0,0],"3":[0],"4":[3],"5":[1],"6":[33],"7":[39],"8":[4],"9":[0,2],"10":[2],"11":[1,0],"12":[14],"13":[13,0],"14":[279,20],"15":[0],"16":[0],"17":[4,0],"18":[2,0],"19":[2,0],"20":[2,0],"21":[1,2],"22":[2,1],"23":[7],"24":[7,0],"25":[5],"26":[2,3],"27":[5],"28":[0,5],"29":[17,15],"30":[0,2]}}
,"D:\\Rintio\\Rintio Vuejs\\simplecrm\\src\\services\\appservice.js": {"data":{"path":"D:\\Rintio\\Rintio Vuejs\\simplecrm\\src\\services\\appservice.js","statementMap":{"0":{"start":{"line":9,"column":27},"end":{"line":19,"column":9}},"1":{"start":{"line":20,"column":19},"end":{"line":20,"column":23}},"2":{"start":{"line":21,"column":8},"end":{"line":31,"column":15}},"3":{"start":{"line":23,"column":16},"end":{"line":23,"column":33}},"4":{"start":{"line":25,"column":16},"end":{"line":25,"column":47}},"5":{"start":{"line":26,"column":16},"end":{"line":26,"column":45}},"6":{"start":{"line":27,"column":16},"end":{"line":27,"column":37}},"7":{"start":{"line":30,"column":16},"end":{"line":30,"column":35}},"8":{"start":{"line":37,"column":8},"end":{"line":37,"column":44}}},"fnMap":{"0":{"name":"(anonymous_0)","decl":{"start":{"line":7,"column":4},"end":{"line":7,"column":5}},"loc":{"start":{"line":7,"column":28},"end":{"line":34,"column":5}},"line":7},"1":{"name":"(anonymous_1)","decl":{"start":{"line":22,"column":18},"end":{"line":22,"column":19}},"loc":{"start":{"line":22,"column":37},"end":{"line":28,"column":13}},"line":22},"2":{"name":"(anonymous_2)","decl":{"start":{"line":29,"column":19},"end":{"line":29,"column":20}},"loc":{"start":{"line":29,"column":35},"end":{"line":31,"column":13}},"line":29},"3":{"name":"(anonymous_3)","decl":{"start":{"line":36,"column":4},"end":{"line":36,"column":5}},"loc":{"start":{"line":36,"column":51},"end":{"line":38,"column":5}},"line":36}},"branchMap":{"0":{"loc":{"start":{"line":36,"column":13},"end":{"line":36,"column":27}},"type":"default-arg","locations":[{"start":{"line":36,"column":20},"end":{"line":36,"column":27}}],"line":36},"1":{"loc":{"start":{"line":36,"column":29},"end":{"line":36,"column":49}},"type":"default-arg","locations":[{"start":{"line":36,"column":35},"end":{"line":36,"column":49}}],"line":36}},"s":{"0":30,"1":30,"2":30,"3":30,"4":30,"5":30,"6":30,"7":0,"8":30},"f":{"0":30,"1":30,"2":0,"3":30},"b":{"0":[0],"1":[0]},"_coverageSchema":"1a1c01bbd47fc00a2c39e90264f33305004495a9","hash":"26ffc110b236396d26aa59c442901853f2a1dc28"}}
}
