TN:
SF:src\components\SchedulerKanban.vue
FN:130,(anonymous_1)
FN:136,(anonymous_2)
FN:142,(anonymous_3)
FN:148,(anonymous_4)
FN:154,(anonymous_5)
FN:160,(anonymous_6)
FN:166,(anonymous_7)
FN:171,(anonymous_8)
FN:232,(anonymous_9)
FN:237,(anonymous_10)
FN:246,(anonymous_11)
FN:254,(anonymous_12)
FN:358,(anonymous_13)
FN:363,(anonymous_14)
FN:365,(anonymous_15)
FN:376,(anonymous_16)
FN:382,(anonymous_17)
FN:387,(anonymous_18)
FN:393,(anonymous_19)
FN:402,(anonymous_20)
FN:403,(anonymous_21)
FN:412,(anonymous_22)
FN:426,(anonymous_23)
FN:432,(anonymous_24)
FN:438,(anonymous_25)
FN:449,(anonymous_26)
FN:464,(anonymous_27)
FN:470,(anonymous_28)
FN:474,(anonymous_29)
FN:485,(anonymous_30)
FN:486,(anonymous_31)
FN:500,(anonymous_32)
FN:501,(anonymous_33)
FN:524,(anonymous_34)
FN:565,(anonymous_35)
FN:571,(anonymous_36)
FN:574,(anonymous_37)
FN:578,(anonymous_38)
FN:584,(anonymous_39)
FN:616,(anonymous_40)
FN:620,(anonymous_41)
FN:625,(anonymous_42)
FN:626,(anonymous_43)
FN:629,(anonymous_44)
FN:637,(anonymous_45)
FN:640,(anonymous_46)
FN:649,(anonymous_47)
FN:655,(anonymous_48)
FN:665,(anonymous_49)
FN:669,(anonymous_50)
FN:699,(anonymous_51)
FN:712,(anonymous_52)
FN:717,(anonymous_53)
FN:718,(anonymous_54)
FN:724,(anonymous_55)
FN:742,(anonymous_56)
FN:748,(anonymous_57)
FN:754,(anonymous_58)
FN:755,(anonymous_59)
FN:756,(anonymous_60)
FNF:60
FNH:53
FNDA:1,(anonymous_1)
FNDA:2,(anonymous_2)
FNDA:20,(anonymous_3)
FNDA:1,(anonymous_4)
FNDA:4,(anonymous_5)
FNDA:1,(anonymous_6)
FNDA:3,(anonymous_7)
FNDA:9,(anonymous_8)
FNDA:0,(anonymous_9)
FNDA:0,(anonymous_10)
FNDA:0,(anonymous_11)
FNDA:0,(anonymous_12)
FNDA:0,(anonymous_13)
FNDA:3,(anonymous_14)
FNDA:3,(anonymous_15)
FNDA:12,(anonymous_16)
FNDA:7,(anonymous_17)
FNDA:3,(anonymous_18)
FNDA:73,(anonymous_19)
FNDA:4,(anonymous_20)
FNDA:3,(anonymous_21)
FNDA:26,(anonymous_22)
FNDA:2,(anonymous_23)
FNDA:2,(anonymous_24)
FNDA:1,(anonymous_25)
FNDA:6,(anonymous_26)
FNDA:1,(anonymous_27)
FNDA:13,(anonymous_28)
FNDA:11,(anonymous_29)
FNDA:11,(anonymous_30)
FNDA:279,(anonymous_31)
FNDA:14,(anonymous_32)
FNDA:146,(anonymous_33)
FNDA:0,(anonymous_34)
FNDA:6,(anonymous_35)
FNDA:10,(anonymous_36)
FNDA:10,(anonymous_37)
FNDA:2,(anonymous_38)
FNDA:4,(anonymous_39)
FNDA:1,(anonymous_40)
FNDA:1,(anonymous_41)
FNDA:11,(anonymous_42)
FNDA:6,(anonymous_43)
FNDA:0,(anonymous_44)
FNDA:2,(anonymous_45)
FNDA:3,(anonymous_46)
FNDA:1,(anonymous_47)
FNDA:147,(anonymous_48)
FNDA:9,(anonymous_49)
FNDA:22,(anonymous_50)
FNDA:32,(anonymous_51)
FNDA:9,(anonymous_52)
FNDA:9,(anonymous_53)
FNDA:48,(anonymous_54)
FNDA:2,(anonymous_55)
FNDA:1,(anonymous_56)
FNDA:1,(anonymous_57)
FNDA:1,(anonymous_58)
FNDA:1,(anonymous_59)
FNDA:1,(anonymous_60)
DA:119,1
DA:120,1
DA:121,1
DA:123,1
DA:131,1
DA:137,2
DA:143,20
DA:149,1
DA:155,4
DA:161,1
DA:167,3
DA:172,9
DA:233,0
DA:234,0
DA:238,0
DA:239,0
DA:247,0
DA:248,0
DA:255,0
DA:256,0
DA:257,0
DA:260,0
DA:261,0
DA:262,0
DA:263,0
DA:359,0
DA:364,3
DA:365,3
DA:373,3
DA:374,3
DA:376,3
DA:377,12
DA:382,9
DA:383,1
DA:384,1
DA:385,1
DA:389,3
DA:390,3
DA:394,73
DA:395,33
DA:397,40
DA:398,39
DA:400,1
DA:403,4
DA:411,3
DA:412,3
DA:413,26
DA:418,2
DA:419,2
DA:420,0
DA:423,2
DA:424,2
DA:428,2
DA:429,2
DA:433,2
DA:434,2
DA:435,2
DA:436,2
DA:437,2
DA:438,2
DA:446,1
DA:447,1
DA:449,1
DA:450,6
DA:455,1
DA:456,1
DA:457,1
DA:458,1
DA:459,1
DA:460,1
DA:461,1
DA:462,1
DA:463,1
DA:466,1
DA:467,1
DA:471,13
DA:472,13
DA:473,13
DA:474,13
DA:482,11
DA:483,11
DA:484,11
DA:485,11
DA:486,11
DA:487,279
DA:489,279
DA:492,11
DA:493,11
DA:494,11
DA:495,20
DA:500,11
DA:501,14
DA:502,146
DA:525,0
DA:526,0
DA:527,0
DA:528,0
DA:529,0
DA:530,0
DA:531,0
DA:532,0
DA:533,0
DA:534,0
DA:535,0
DA:536,0
DA:537,0
DA:538,0
DA:539,0
DA:542,0
DA:557,141
DA:560,6
DA:561,6
DA:562,6
DA:563,0
DA:567,6
DA:568,6
DA:572,10
DA:575,10
DA:576,10
DA:579,2
DA:580,2
DA:581,2
DA:582,2
DA:583,2
DA:584,6
DA:585,2
DA:586,2
DA:588,2
DA:589,2
DA:590,2
DA:591,2
DA:593,2
DA:594,2
DA:595,2
DA:597,2
DA:608,2
DA:616,2
DA:618,1
DA:619,1
DA:622,1
DA:626,11
DA:627,6
DA:630,0
DA:635,11
DA:638,2
DA:641,3
DA:642,3
DA:643,2
DA:646,1
DA:650,1
DA:651,1
DA:652,1
DA:653,1
DA:656,147
DA:657,143
DA:658,143
DA:659,143
DA:661,1
DA:663,143
DA:666,9
DA:668,9
DA:669,7
DA:673,22
DA:679,9
DA:681,9
DA:682,5
DA:687,9
DA:689,9
DA:690,5
DA:695,9
DA:697,9
DA:700,32
DA:701,17
DA:703,15
DA:713,9
DA:714,9
DA:715,9
DA:716,9
DA:717,9
DA:718,57
DA:719,9
DA:720,9
DA:721,9
DA:725,2
DA:733,2
DA:734,2
DA:742,2
DA:744,1
DA:745,1
DA:746,1
DA:747,1
DA:750,1
DA:755,1
DA:756,1
DA:757,1
DA:758,1
DA:759,1
DA:760,1
DA:761,1
DA:762,1
LF:200
LH:167
BRDA:238,0,0,0
BRDA:256,1,0,0
BRDA:256,2,0,0
BRDA:256,2,1,0
BRDA:261,3,0,0
BRDA:363,4,0,3
BRDA:384,5,0,1
BRDA:394,6,0,33
BRDA:397,7,0,39
BRDA:402,8,0,4
BRDA:419,9,0,0
BRDA:419,9,1,2
BRDA:432,10,0,2
BRDA:457,11,0,1
BRDA:457,11,1,0
BRDA:470,12,0,14
BRDA:472,13,0,13
BRDA:472,13,1,0
BRDA:487,14,0,279
BRDA:487,14,1,20
BRDA:562,15,0,0
BRDA:583,16,0,0
BRDA:584,17,0,4
BRDA:584,17,1,0
BRDA:604,18,0,2
BRDA:604,18,1,0
BRDA:605,19,0,2
BRDA:605,19,1,0
BRDA:606,20,0,2
BRDA:606,20,1,0
BRDA:641,21,0,1
BRDA:641,21,1,2
BRDA:642,22,0,2
BRDA:642,22,1,1
BRDA:668,23,0,7
BRDA:669,24,0,7
BRDA:669,24,1,0
BRDA:681,25,0,5
BRDA:682,26,0,2
BRDA:682,26,1,3
BRDA:689,27,0,5
BRDA:690,28,0,0
BRDA:690,28,1,5
BRDA:700,29,0,17
BRDA:700,29,1,15
BRDA:731,30,0,0
BRDA:731,30,1,2
BRF:47
BRH:30
end_of_record
TN:
SF:src\services\appservice.js
FN:7,(anonymous_0)
FN:22,(anonymous_1)
FN:29,(anonymous_2)
FN:36,(anonymous_3)
FNF:4
FNH:3
FNDA:30,(anonymous_0)
FNDA:30,(anonymous_1)
FNDA:0,(anonymous_2)
FNDA:30,(anonymous_3)
DA:9,30
DA:20,30
DA:21,30
DA:23,30
DA:25,30
DA:26,30
DA:27,30
DA:30,0
DA:37,30
LF:9
LH:8
BRDA:36,0,0,0
BRDA:36,1,0,0
BRF:2
BRH:0
end_of_record
